<?xml version="1.0" encoding="UTF-8"?>
<coverage generated="1758589115314" clover="3.2.0">
  <project timestamp="1758589115314" name="All files">
    <metrics statements="8" coveredstatements="7" conditionals="0" coveredconditionals="0" methods="2" coveredmethods="2" elements="10" coveredelements="9" complexity="0" loc="8" ncloc="8" packages="1" files="2" classes="2"/>
    <file name="add.js" path="C:\Users\jasde\OneDrive\test_projects\src\functions\add.js">
      <metrics statements="2" coveredstatements="2" conditionals="0" coveredconditionals="0" methods="1" coveredmethods="1"/>
      <line num="4" count="1" type="stmt"/>
      <line num="7" count="1" type="stmt"/>
    </file>
    <file name="apiData.js" path="C:\Users\jasde\OneDrive\test_projects\src\functions\apiData.js">
      <metrics statements="6" coveredstatements="5" conditionals="0" coveredconditionals="0" methods="1" coveredmethods="1"/>
      <line num="2" count="1" type="stmt"/>
      <line num="3" count="1" type="stmt"/>
      <line num="4" count="1" type="stmt"/>
      <line num="5" count="1" type="stmt"/>
      <line num="9" count="0" type="stmt"/>
      <line num="14" count="1" type="stmt"/>
    </file>
  </project>
</coverage>
