{"C:\\Users\\jasde\\OneDrive\\test_projects\\src\\functions\\add.js": {"path":"C:\\Users\\jasde\\OneDrive\\test_projects\\src\\functions\\add.js","statementMap":{"0":{"start":{"line":4,"column":4},"end":{"line":4,"column":17}},"1":{"start":{"line":7,"column":0},"end":{"line":7,"column":21}},"2":{"start":{"line":7,"column":21},"end":{"line":7,"column":23}}},"fnMap":{"0":{"name":"add","decl":{"start":{"line":3,"column":9},"end":{"line":3,"column":12}},"loc":{"start":{"line":3,"column":19},"end":{"line":5,"column":1}},"line":3}},"branchMap":{},"s":{"0":1,"1":1,"2":1},"f":{"0":1},"b":{},"_coverageSchema":"1a1c01bbd47fc00a2c39e90264f33305004495a9","hash":"5acfab628c54c7f5c906c32aa36424b18f109208"}
,"C:\\Users\\jasde\\OneDrive\\test_projects\\src\\functions\\apiData.js": {"path":"C:\\Users\\jasde\\OneDrive\\test_projects\\src\\functions\\apiData.js","statementMap":{"0":{"start":{"line":2,"column":4},"end":{"line":11,"column":5}},"1":{"start":{"line":3,"column":22},"end":{"line":3,"column":38}},"2":{"start":{"line":4,"column":17},"end":{"line":4,"column":32}},"3":{"start":{"line":5,"column":5},"end":{"line":5,"column":17}},"4":{"start":{"line":9,"column":4},"end":{"line":9,"column":62}},"5":{"start":{"line":14,"column":0},"end":{"line":14,"column":31}}},"fnMap":{"0":{"name":"fetchData","decl":{"start":{"line":1,"column":15},"end":{"line":1,"column":24}},"loc":{"start":{"line":1,"column":30},"end":{"line":12,"column":1}},"line":1}},"branchMap":{},"s":{"0":1,"1":1,"2":1,"3":1,"4":0,"5":1},"f":{"0":1},"b":{},"_coverageSchema":"1a1c01bbd47fc00a2c39e90264f33305004495a9","hash":"c9b822f0bc722ac62359ea22669ad9c016df588b"}
}
